-------------------------------------------------------------------------------
Test set: com.armandordz.estructura.DataFrameTest
-------------------------------------------------------------------------------
Tests run: 7, Failures: 1, Errors: 0, Skipped: 0, Time elapsed: 0.03 s <<< FAILURE! - in com.armandordz.estructura.DataFrameTest
head(com.armandordz.estructura.DataFrameTest)  Time elapsed: 0.007 s  <<< FAILURE!
java.lang.AssertionError: expected:<10> but was:<7>
	at com.armandordz.estructura.DataFrameTest.head(DataFrameTest.java:31)

