<?xml version="1.0" encoding="UTF-8"?>
<testsuite xmlns:xsi="http://www.w3.org/2001/XMLSchema-instance" xsi:noNamespaceSchemaLocation="https://maven.apache.org/surefire/maven-surefire-plugin/xsd/surefire-test-report.xsd" name="com.armandordz.estructura.DataFrameTest" time="0.03" tests="7" errors="0" skipped="0" failures="1">
  <properties>
[...]
</properties>
  <testcase name="dtypes" classname="com.armandordz.estructura.DataFrameTest" time="0"/>
  <testcase name="testHead" classname="com.armandordz.estructura.DataFrameTest" time="0.022"/>
  <testcase name="testSort" classname="com.armandordz.estructura.DataFrameTest" time="0"/>
  <testcase name="head" classname="com.armandordz.estructura.DataFrameTest" time="0.007">
    <failure message="expected:&lt;10&gt; but was:&lt;7&gt;" type="java.lang.AssertionError"><![CDATA[java.lang.AssertionError: expected:<10> but was:<7>
	at com.armandordz.estructura.DataFrameTest.head(DataFrameTest.java:31)
]]></failure>
    <system-out><![CDATA[>Tabla 
]]></system-out>
  </testcase>
  <testcase name="sort" classname="com.armandordz.estructura.DataFrameTest" time="0"/>
  <testcase name="describe" classname="com.armandordz.estructura.DataFrameTest" time="0"/>
  <testcase name="testDtypes" classname="com.armandordz.estructura.DataFrameTest" time="0"/>
</testsuite>